<?xml version="1.0" encoding="UTF-8"?>
<!-- Generated by org.testng.reporters.JUnitXMLReporter -->
<testsuite ignored="2" hostname="LAPTOP-G3VG284G" failures="0" tests="3" name="Test" time="0.074" errors="0" timestamp="2023-07-13T11:45:33 IST">
  <testcase classname="demo2.GroupingDemo" name="Car1" time="0.011"/>
  <testcase classname="demo2.GroupingDemo" name="Car3" time="0.002"/>
  <testcase classname="demo2.GroupingDemo" name="Care" time="0.002"/>
  <testcase classname="demo2.GroupingDemo" name="Car5" time="0.0">
    <ignored/>
  </testcase> <!-- Car5 -->
  <testcase classname="demo2.GroupingDemo" name="Car4" time="0.0">
    <ignored/>
  </testcase> <!-- Car4 -->
</testsuite> <!-- Test -->
