<?xml version="1.0" encoding="UTF-8"?>
<testng-results ignored="0" total="3" passed="3" failed="0" skipped="0">
  <reporter-output>
  </reporter-output>
  <suite started-at="2023-07-13T11:45:33 IST" name="Suite" finished-at="2023-07-13T11:45:33 IST" duration-ms="74">
    <groups>
      <group name="Luxury Cars">
        <method signature="GroupingDemo.Car1()[pri:0, instance:demo2.GroupingDemo@7b2bbc3]" name="Car1" class="demo2.GroupingDemo"/>
        <method signature="GroupingDemo.Car3()[pri:0, instance:demo2.GroupingDemo@7b2bbc3]" name="Car3" class="demo2.GroupingDemo"/>
        <method signature="GroupingDemo.Care()[pri:0, instance:demo2.GroupingDemo@7b2bbc3]" name="Care" class="demo2.GroupingDemo"/>
      </group> <!-- Luxury Cars -->
      <group name="Car">
        <method signature="GroupingDemo.Car3()[pri:0, instance:demo2.GroupingDemo@7b2bbc3]" name="Car3" class="demo2.GroupingDemo"/>
      </group> <!-- Car -->
    </groups>
    <test started-at="2023-07-13T11:45:33 IST" name="Test" finished-at="2023-07-13T11:45:33 IST" duration-ms="74">
      <class name="demo2.GroupingDemo">
        <test-method signature="Car1()[pri:0, instance:demo2.GroupingDemo@7b2bbc3]" started-at="2023-07-13T11:45:33 IST" name="Car1" finished-at="2023-07-13T11:45:33 IST" duration-ms="11" status="PASS">
          <reporter-output>
          </reporter-output>
        </test-method> <!-- Car1 -->
        <test-method signature="Car3()[pri:0, instance:demo2.GroupingDemo@7b2bbc3]" started-at="2023-07-13T11:45:33 IST" name="Car3" finished-at="2023-07-13T11:45:33 IST" duration-ms="2" status="PASS">
          <reporter-output>
          </reporter-output>
        </test-method> <!-- Car3 -->
        <test-method signature="Care()[pri:0, instance:demo2.GroupingDemo@7b2bbc3]" started-at="2023-07-13T11:45:33 IST" name="Care" finished-at="2023-07-13T11:45:33 IST" duration-ms="2" status="PASS">
          <reporter-output>
          </reporter-output>
        </test-method> <!-- Care -->
      </class> <!-- demo2.GroupingDemo -->
    </test> <!-- Test -->
  </suite> <!-- Suite -->
</testng-results>
